Listening at localhost on port 9997
Listening at localhost on port 9997
Listening at localhost on port 9997
Error: Can't set headers after they are sent.
    at SendStream.headersAlreadySent (/home/ubuntu/react-ui-for-copy/node_modules/send/index.js:390:13)
    at SendStream.send (/home/ubuntu/react-ui-for-copy/node_modules/send/index.js:618:10)
    at onstat (/home/ubuntu/react-ui-for-copy/node_modules/send/index.js:730:10)
    at FSReqWrap.oncomplete (fs.js:153:5)
Error: Can't set headers after they are sent.
    at SendStream.headersAlreadySent (/home/ubuntu/react-ui-for-copy/node_modules/send/index.js:390:13)
    at SendStream.send (/home/ubuntu/react-ui-for-copy/node_modules/send/index.js:618:10)
    at onstat (/home/ubuntu/react-ui-for-copy/node_modules/send/index.js:730:10)
    at FSReqWrap.oncomplete (fs.js:153:5)
Error: Can't set headers after they are sent.
    at SendStream.headersAlreadySent (/home/ubuntu/react-ui-for-copy/node_modules/send/index.js:390:13)
    at SendStream.send (/home/ubuntu/react-ui-for-copy/node_modules/send/index.js:618:10)
    at onstat (/home/ubuntu/react-ui-for-copy/node_modules/send/index.js:730:10)
    at FSReqWrap.oncomplete (fs.js:153:5)
Error: Can't set headers after they are sent.
    at SendStream.headersAlreadySent (/home/ubuntu/react-ui-for-copy/node_modules/send/index.js:390:13)
    at SendStream.send (/home/ubuntu/react-ui-for-copy/node_modules/send/index.js:618:10)
    at onstat (/home/ubuntu/react-ui-for-copy/node_modules/send/index.js:730:10)
    at FSReqWrap.oncomplete (fs.js:153:5)
Error: Can't set headers after they are sent.
    at SendStream.headersAlreadySent (/home/ubuntu/react-ui-for-copy/node_modules/send/index.js:390:13)
    at SendStream.send (/home/ubuntu/react-ui-for-copy/node_modules/send/index.js:618:10)
    at onstat (/home/ubuntu/react-ui-for-copy/node_modules/send/index.js:730:10)
    at FSReqWrap.oncomplete (fs.js:153:5)
Error: Can't set headers after they are sent.
    at SendStream.headersAlreadySent (/home/ubuntu/react-ui-for-copy/node_modules/send/index.js:390:13)
    at SendStream.send (/home/ubuntu/react-ui-for-copy/node_modules/send/index.js:618:10)
    at onstat (/home/ubuntu/react-ui-for-copy/node_modules/send/index.js:730:10)
    at FSReqWrap.oncomplete (fs.js:153:5)
Error: Can't set headers after they are sent.
    at SendStream.headersAlreadySent (/home/ubuntu/react-ui-for-copy/node_modules/send/index.js:390:13)
    at SendStream.send (/home/ubuntu/react-ui-for-copy/node_modules/send/index.js:618:10)
    at onstat (/home/ubuntu/react-ui-for-copy/node_modules/send/index.js:730:10)
    at FSReqWrap.oncomplete (fs.js:153:5)
Error: Can't set headers after they are sent.
    at SendStream.headersAlreadySent (/home/ubuntu/react-ui-for-copy/node_modules/send/index.js:390:13)
    at SendStream.send (/home/ubuntu/react-ui-for-copy/node_modules/send/index.js:618:10)
    at onstat (/home/ubuntu/react-ui-for-copy/node_modules/send/index.js:730:10)
    at FSReqWrap.oncomplete (fs.js:153:5)
Error: Can't set headers after they are sent.
    at SendStream.headersAlreadySent (/home/ubuntu/react-ui-for-copy/node_modules/send/index.js:390:13)
    at SendStream.send (/home/ubuntu/react-ui-for-copy/node_modules/send/index.js:618:10)
    at onstat (/home/ubuntu/react-ui-for-copy/node_modules/send/index.js:730:10)
    at FSReqWrap.oncomplete (fs.js:153:5)
Error: Can't set headers after they are sent.
    at SendStream.headersAlreadySent (/home/ubuntu/react-ui-for-copy/node_modules/send/index.js:390:13)
    at SendStream.send (/home/ubuntu/react-ui-for-copy/node_modules/send/index.js:618:10)
    at onstat (/home/ubuntu/react-ui-for-copy/node_modules/send/index.js:730:10)
    at FSReqWrap.oncomplete (fs.js:153:5)
Error: Can't set headers after they are sent.
    at SendStream.headersAlreadySent (/home/ubuntu/react-ui-for-copy/node_modules/send/index.js:390:13)
    at SendStream.send (/home/ubuntu/react-ui-for-copy/node_modules/send/index.js:618:10)
    at onstat (/home/ubuntu/react-ui-for-copy/node_modules/send/index.js:730:10)
    at FSReqWrap.oncomplete (fs.js:153:5)
Error: Can't set headers after they are sent.
    at SendStream.headersAlreadySent (/home/ubuntu/react-ui-for-copy/node_modules/send/index.js:390:13)
    at SendStream.send (/home/ubuntu/react-ui-for-copy/node_modules/send/index.js:618:10)
    at onstat (/home/ubuntu/react-ui-for-copy/node_modules/send/index.js:730:10)
    at FSReqWrap.oncomplete (fs.js:153:5)
Error: Can't set headers after they are sent.
    at SendStream.headersAlreadySent (/home/ubuntu/react-ui-for-copy/node_modules/send/index.js:390:13)
    at SendStream.send (/home/ubuntu/react-ui-for-copy/node_modules/send/index.js:618:10)
    at onstat (/home/ubuntu/react-ui-for-copy/node_modules/send/index.js:730:10)
    at FSReqWrap.oncomplete (fs.js:153:5)
Error: Can't set headers after they are sent.
    at SendStream.headersAlreadySent (/home/ubuntu/react-ui-for-copy/node_modules/send/index.js:390:13)
    at SendStream.send (/home/ubuntu/react-ui-for-copy/node_modules/send/index.js:618:10)
    at onstat (/home/ubuntu/react-ui-for-copy/node_modules/send/index.js:730:10)
    at FSReqWrap.oncomplete (fs.js:153:5)
Error: Can't set headers after they are sent.
    at SendStream.headersAlreadySent (/home/ubuntu/react-ui-for-copy/node_modules/send/index.js:390:13)
    at SendStream.send (/home/ubuntu/react-ui-for-copy/node_modules/send/index.js:618:10)
    at onstat (/home/ubuntu/react-ui-for-copy/node_modules/send/index.js:730:10)
    at FSReqWrap.oncomplete (fs.js:153:5)
Error: Can't set headers after they are sent.
    at SendStream.headersAlreadySent (/home/ubuntu/react-ui-for-copy/node_modules/send/index.js:390:13)
    at SendStream.send (/home/ubuntu/react-ui-for-copy/node_modules/send/index.js:618:10)
    at onstat (/home/ubuntu/react-ui-for-copy/node_modules/send/index.js:730:10)
    at FSReqWrap.oncomplete (fs.js:153:5)
Error: Can't set headers after they are sent.
    at SendStream.headersAlreadySent (/home/ubuntu/react-ui-for-copy/node_modules/send/index.js:390:13)
    at SendStream.send (/home/ubuntu/react-ui-for-copy/node_modules/send/index.js:618:10)
    at onstat (/home/ubuntu/react-ui-for-copy/node_modules/send/index.js:730:10)
    at FSReqWrap.oncomplete (fs.js:153:5)
Error: Can't set headers after they are sent.
    at SendStream.headersAlreadySent (/home/ubuntu/react-ui-for-copy/node_modules/send/index.js:390:13)
    at SendStream.send (/home/ubuntu/react-ui-for-copy/node_modules/send/index.js:618:10)
    at onstat (/home/ubuntu/react-ui-for-copy/node_modules/send/index.js:730:10)
    at FSReqWrap.oncomplete (fs.js:153:5)
Error: Can't set headers after they are sent.
    at SendStream.headersAlreadySent (/home/ubuntu/react-ui-for-copy/node_modules/send/index.js:390:13)
    at SendStream.send (/home/ubuntu/react-ui-for-copy/node_modules/send/index.js:618:10)
    at onstat (/home/ubuntu/react-ui-for-copy/node_modules/send/index.js:730:10)
    at FSReqWrap.oncomplete (fs.js:153:5)
